# JRE version: 6.0_34-b34
# Java VM: OpenJDK 64-Bit Server VM (23.25-b01 mixed mode linux-amd64 compressed oops)
Heap
 PSYoungGen      total 55744K, used 18984K [0x00000007c1cb0000, 0x00000007c5ae0000, 0x0000000800000000)
  eden space 47808K, 23% used [0x00000007c1cb0000,0x00000007c277fe48,0x00000007c4b60000)
  from space 7936K, 99% used [0x00000007c5320000,0x00000007c5ada4b8,0x00000007c5ae0000)
  to   space 7936K, 0% used [0x00000007c4b60000,0x00000007c4b60000,0x00000007c5320000)
 ParOldGen       total 127424K, used 858K [0x0000000745600000, 0x000000074d270000, 0x00000007c1cb0000)
  object space 127424K, 0% used [0x0000000745600000,0x00000007456d6a00,0x000000074d270000)
 PSPermGen       total 22208K, used 22106K [0x000000073b000000, 0x000000073c5b0000, 0x0000000745600000)
  object space 22208K, 99% used [0x000000073b000000,0x000000073c596aa8,0x000000073c5b0000)
GC Heap History (4 events):
Event: 5.482 GC heap before
{Heap before GC invocations=1 (full 0):
 PSYoungGen      total 55744K, used 47808K [0x00000007c1cb0000, 0x00000007c5ae0000, 0x0000000800000000)
  eden space 47808K, 100% used [0x00000007c1cb0000,0x00000007c4b60000,0x00000007c4b60000)
  from space 7936K, 0% used [0x00000007c5320000,0x00000007c5320000,0x00000007c5ae0000)
  to   space 7936K, 0% used [0x00000007c4b60000,0x00000007c4b60000,0x00000007c5320000)
 ParOldGen       total 127424K, used 0K [0x0000000745600000, 0x000000074d270000, 0x00000007c1cb0000)
  object space 127424K, 0% used [0x0000000745600000,0x0000000745600000,0x000000074d270000)
 PSPermGen       total 21248K, used 16315K [0x000000073b000000, 0x000000073c4c0000, 0x0000000745600000)
  object space 21248K, 76% used [0x000000073b000000,0x000000073bfeeef0,0x000000073c4c0000)
Event: 5.516 GC heap after
Heap after GC invocations=1 (full 0):
 PSYoungGen      total 55744K, used 5085K [0x00000007c1cb0000, 0x00000007c5ae0000, 0x0000000800000000)
  eden space 47808K, 0% used [0x00000007c1cb0000,0x00000007c1cb0000,0x00000007c4b60000)
  from space 7936K, 64% used [0x00000007c4b60000,0x00000007c5057670,0x00000007c5320000)
  to   space 7936K, 0% used [0x00000007c5320000,0x00000007c5320000,0x00000007c5ae0000)
 ParOldGen       total 127424K, used 72K [0x0000000745600000, 0x000000074d270000, 0x00000007c1cb0000)
  object space 127424K, 0% used [0x0000000745600000,0x0000000745612010,0x000000074d270000)
 PSPermGen       total 21248K, used 16315K [0x000000073b000000, 0x000000073c4c0000, 0x0000000745600000)
  object space 21248K, 76% used [0x000000073b000000,0x000000073bfeeef0,0x000000073c4c0000)
}
Event: 135.141 GC heap before
{Heap before GC invocations=2 (full 0):
 PSYoungGen      total 55744K, used 52893K [0x00000007c1cb0000, 0x00000007c5ae0000, 0x0000000800000000)
  eden space 47808K, 100% used [0x00000007c1cb0000,0x00000007c4b60000,0x00000007c4b60000)
  from space 7936K, 64% used [0x00000007c4b60000,0x00000007c5057670,0x00000007c5320000)
  to   space 7936K, 0% used [0x00000007c5320000,0x00000007c5320000,0x00000007c5ae0000)
 ParOldGen       total 127424K, used 72K [0x0000000745600000, 0x000000074d270000, 0x00000007c1cb0000)
  object space 127424K, 0% used [0x0000000745600000,0x0000000745612010,0x000000074d270000)
 PSPermGen       total 22208K, used 22028K [0x000000073b000000, 0x000000073c5b0000, 0x0000000745600000)
  object space 22208K, 99% used [0x000000073b000000,0x000000073c5832e0,0x000000073c5b0000)
Event: 135.156 GC heap after
Heap after GC invocations=2 (full 0):
 PSYoungGen      total 55744K, used 7913K [0x00000007c1cb0000, 0x00000007c5ae0000, 0x0000000800000000)
  eden space 47808K, 0% used [0x00000007c1cb0000,0x00000007c1cb0000,0x00000007c4b60000)
  from space 7936K, 99% used [0x00000007c5320000,0x00000007c5ada4b8,0x00000007c5ae0000)
  to   space 7936K, 0% used [0x00000007c4b60000,0x00000007c4b60000,0x00000007c5320000)
 ParOldGen       total 127424K, used 858K [0x0000000745600000, 0x000000074d270000, 0x00000007c1cb0000)
  object space 127424K, 0% used [0x0000000745600000,0x00000007456d6a00,0x000000074d270000)
 PSPermGen       total 22208K, used 22028K [0x000000073b000000, 0x000000073c5b0000, 0x0000000745600000)
  object space 22208K, 99% used [0x000000073b000000,0x000000073c5832e0,0x000000073c5b0000)
}

